[0510/232352.464:ERROR:process_memory_win.cc(73)] ReadMemory at 0x7ff730210000 of 64 bytes failed: Only part of a ReadProcessMemory or WriteProcessMemory request was completed. (0x12B)
[0510/232352.465:WARNING:pe_image_reader.cc(340)] could not read dos header from C:\Program Files (x86)\Google\Chrome\Application\chrome.exe
[0510/232352.465:ERROR:process_memory_win.cc(73)] ReadMemory at 0x7ffec36a0000 of 64 bytes failed: Only part of a ReadProcessMemory or WriteProcessMemory request was completed. (0x12B)
[0510/232352.465:WARNING:pe_image_reader.cc(340)] could not read dos header from C:\WINDOWS\SYSTEM32\ntdll.dll
[0510/232352.465:ERROR:process_memory_win.cc(73)] ReadMemory at 0x7ffec23d0000 of 64 bytes failed: Only part of a ReadProcessMemory or WriteProcessMemory request was completed. (0x12B)
[0510/232352.466:WARNING:pe_image_reader.cc(340)] could not read dos header from C:\WINDOWS\System32\KERNEL32.DLL
[0510/232352.466:ERROR:process_memory_win.cc(73)] ReadMemory at 0x7ffec0680000 of 64 bytes failed: Only part of a ReadProcessMemory or WriteProcessMemory request was completed. (0x12B)
[0510/232352.466:WARNING:pe_image_reader.cc(340)] could not read dos header from C:\WINDOWS\System32\KERNELBASE.dll
[0510/232352.466:ERROR:process_memory_win.cc(73)] ReadMemory at 0x7ffe7ea30000 of 64 bytes failed: Only part of a ReadProcessMemory or WriteProcessMemory request was completed. (0x12B)
[0510/232352.466:WARNING:pe_image_reader.cc(340)] could not read dos header from C:\Program Files (x86)\Google\Chrome\Application\81.0.4044.138\chrome_elf.dll
[0510/232352.467:ERROR:process_memory_win.cc(73)] ReadMemory at 0x7ffeb9f40000 of 64 bytes failed: Only part of a ReadProcessMemory or WriteProcessMemory request was completed. (0x12B)
[0510/232352.467:WARNING:pe_image_reader.cc(340)] could not read dos header from C:\WINDOWS\SYSTEM32\VERSION.dll
[0510/232352.467:ERROR:process_memory_win.cc(73)] ReadMemory at 0x7ffec2b90000 of 64 bytes failed: Only part of a ReadProcessMemory or WriteProcessMemory request was completed. (0x12B)
[0510/232352.467:WARNING:pe_image_reader.cc(340)] could not read dos header from C:\WINDOWS\System32\msvcrt.dll
[0510/232352.467:ERROR:process_memory_win.cc(73)] ReadMemory at 0x7ffec0bb0000 of 64 bytes failed: Only part of a ReadProcessMemory or WriteProcessMemory request was completed. (0x12B)
[0510/232352.467:WARNING:pe_image_reader.cc(340)] could not read dos header from C:\WINDOWS\System32\bcryptPrimitives.dll
[0510/232352.467:ERROR:process_memory_win.cc(73)] ReadMemory at 0x7ffec1750000 of 64 bytes failed: Only part of a ReadProcessMemory or WriteProcessMemory request was completed. (0x12B)
[0510/232352.467:WARNING:pe_image_reader.cc(340)] could not read dos header from C:\WINDOWS\System32\ADVAPI32.dll
[0510/232352.467:ERROR:process_memory_win.cc(73)] ReadMemory at 0x2238c890000 of 64 bytes failed: Only part of a ReadProcessMemory or WriteProcessMemory request was completed. (0x12B)
[0510/232352.467:WARNING:pe_image_reader.cc(340)] could not read dos header from C:\WINDOWS\System32\sechost.dll
[0510/232352.467:ERROR:process_memory_win.cc(73)] ReadMemory at 0x7ffec2c90000 of 64 bytes failed: Only part of a ReadProcessMemory or WriteProcessMemory request was completed. (0x12B)
[0510/232352.467:WARNING:pe_image_reader.cc(340)] could not read dos header from C:\WINDOWS\System32\RPCRT4.dll
[0510/232352.467:ERROR:process_memory_win.cc(73)] ReadMemory at 0x7ffe4ddf0000 of 64 bytes failed: Only part of a ReadProcessMemory or WriteProcessMemory request was completed. (0x12B)
[0510/232352.467:WARNING:pe_image_reader.cc(340)] could not read dos header from C:\Program Files (x86)\Google\Chrome\Application\81.0.4044.138\chrome.dll
[0510/232352.467:ERROR:process_memory_win.cc(73)] ReadMemory at 0x7ffec2a40000 of 64 bytes failed: Only part of a ReadProcessMemory or WriteProcessMemory request was completed. (0x12B)
[0510/232352.467:WARNING:pe_image_reader.cc(340)] could not read dos header from C:\WINDOWS\System32\WS2_32.dll
[0510/232352.467:ERROR:process_memory_win.cc(73)] ReadMemory at 0x7ffec25e0000 of 64 bytes failed: Only part of a ReadProcessMemory or WriteProcessMemory request was completed. (0x12B)
[0510/232352.467:WARNING:pe_image_reader.cc(340)] could not read dos header from C:\WINDOWS\System32\OLEAUT32.dll
[0510/232352.467:ERROR:process_memory_win.cc(73)] ReadMemory at 0x7ffec15d0000 of 64 bytes failed: Only part of a ReadProcessMemory or WriteProcessMemory request was completed. (0x12B)
[0510/232352.467:WARNING:pe_image_reader.cc(340)] could not read dos header from C:\WINDOWS\System32\msvcp_win.dll
[0510/232352.467:ERROR:process_memory_win.cc(73)] ReadMemory at 0x7ffec0960000 of 64 bytes failed: Only part of a ReadProcessMemory or WriteProcessMemory request was completed. (0x12B)
[0510/232352.468:WARNING:pe_image_reader.cc(340)] could not read dos header from C:\WINDOWS\System32\ucrtbase.dll
[0510/232352.468:ERROR:process_memory_win.cc(73)] ReadMemory at 0x7ffec1ef0000 of 64 bytes failed: Only part of a ReadProcessMemory or WriteProcessMemory request was completed. (0x12B)
[0510/232352.468:WARNING:pe_image_reader.cc(340)] could not read dos header from C:\WINDOWS\System32\combase.dll
[0510/232352.468:ERROR:process_memory_win.cc(73)] ReadMemory at 0x7ffec0df0000 of 64 bytes failed: Only part of a ReadProcessMemory or WriteProcessMemory request was completed. (0x12B)
[0510/232352.468:WARNING:pe_image_reader.cc(340)] could not read dos header from C:\WINDOWS\System32\WINTRUST.dll
[0510/232352.468:ERROR:process_memory_win.cc(73)] ReadMemory at 0x7ffec0610000 of 64 bytes failed: Only part of a ReadProcessMemory or WriteProcessMemory request was completed. (0x12B)
[0510/232352.468:WARNING:pe_image_reader.cc(340)] could not read dos header from C:\WINDOWS\System32\MSASN1.dll
[0510/232352.468:ERROR:process_memory_win.cc(73)] ReadMemory at 0x7ffec0a60000 of 64 bytes failed: Only part of a ReadProcessMemory or WriteProcessMemory request was completed. (0x12B)
[0510/232352.468:WARNING:pe_image_reader.cc(340)] could not read dos header from C:\WINDOWS\System32\CRYPT32.dll
[0510/232352.468:ERROR:process_memory_win.cc(73)] ReadMemory at 0x7ffebfa80000 of 64 bytes failed: Only part of a ReadProcessMemory or WriteProcessMemory request was completed. (0x12B)
[0510/232352.468:WARNING:pe_image_reader.cc(340)] could not read dos header from C:\WINDOWS\SYSTEM32\IPHLPAPI.DLL
[0510/232352.468:ERROR:process_memory_win.cc(73)] ReadMemory at 0x7ffebce80000 of 64 bytes failed: Only part of a ReadProcessMemory or WriteProcessMemory request was completed. (0x12B)
[0510/232352.468:WARNING:pe_image_reader.cc(340)] could not read dos header from C:\WINDOWS\SYSTEM32\WINMM.dll
[0510/232352.468:ERROR:process_memory_win.cc(73)] ReadMemory at 0x7ffea1730000 of 64 bytes failed: Only part of a ReadProcessMemory or WriteProcessMemory request was completed. (0x12B)
[0510/232352.468:WARNING:pe_image_reader.cc(340)] could not read dos header from C:\WINDOWS\SYSTEM32\Secur32.dll
[0510/232352.468:ERROR:process_memory_win.cc(73)] ReadMemory at 0x7ffec0480000 of 64 bytes failed: Only part of a ReadProcessMemory or WriteProcessMemory request was completed. (0x12B)
[0510/232352.468:WARNING:pe_image_reader.cc(340)] could not read dos header from C:\WINDOWS\SYSTEM32\USERENV.dll
[0510/232352.468:ERROR:process_memory_win.cc(73)] ReadMemory at 0x7ffec0590000 of 64 bytes failed: Only part of a ReadProcessMemory or WriteProcessMemory request was completed. (0x12B)
[0510/232352.468:WARNING:pe_image_reader.cc(340)] could not read dos header from C:\WINDOWS\System32\profapi.dll
[0510/232352.468:ERROR:process_memory_win.cc(73)] ReadMemory at 0x7ffe85a00000 of 64 bytes failed: Only part of a ReadProcessMemory or WriteProcessMemory request was completed. (0x12B)
[0510/232352.468:WARNING:pe_image_reader.cc(340)] could not read dos header from C:\WINDOWS\SYSTEM32\UIAutomationCore.DLL
[0510/232352.468:ERROR:process_memory_win.cc(73)] ReadMemory at 0x7ffea9090000 of 64 bytes failed: Only part of a ReadProcessMemory or WriteProcessMemory request was completed. (0x12B)
[0510/232352.468:WARNING:pe_image_reader.cc(340)] could not read dos header from C:\WINDOWS\SYSTEM32\DWrite.dll
[0510/232352.468:ERROR:process_memory_win.cc(73)] ReadMemory at 0x7ffea40e0000 of 64 bytes failed: Only part of a ReadProcessMemory or WriteProcessMemory request was completed. (0x12B)
[0510/232352.468:WARNING:pe_image_reader.cc(340)] could not read dos header from C:\WINDOWS\SYSTEM32\WINSPOOL.DRV
[0510/232352.468:ERROR:process_memory_win.cc(73)] ReadMemory at 0x7ffec0570000 of 64 bytes failed: Only part of a ReadProcessMemory or WriteProcessMemory request was completed. (0x12B)
[0510/232352.468:WARNING:pe_image_reader.cc(340)] could not read dos header from C:\WINDOWS\System32\kernel.appcore.dll
[0510/232352.468:ERROR:process_memory_win.cc(73)] ReadMemory at 0x7ffec0930000 of 64 bytes failed: Only part of a ReadProcessMemory or WriteProcessMemory request was completed. (0x12B)
[0510/232352.468:WARNING:pe_image_reader.cc(340)] could not read dos header from C:\WINDOWS\System32\bcrypt.dll
[0510/232352.468:ERROR:process_memory_win.cc(73)] ReadMemory at 0x7ffebe5d0000 of 64 bytes failed: Only part of a ReadProcessMemory or WriteProcessMemory request was completed. (0x12B)
[0510/232352.468:WARNING:pe_image_reader.cc(340)] could not read dos header from C:\WINDOWS\SYSTEM32\dbghelp.dll
[0510/232352.468:ERROR:process_memory_win.cc(73)] ReadMemory at 0x7ffeae4e0000 of 64 bytes failed: Only part of a ReadProcessMemory or WriteProcessMemory request was completed. (0x12B)
[0510/232352.468:WARNING:pe_image_reader.cc(340)] could not read dos header from C:\WINDOWS\SYSTEM32\WINHTTP.dll
[0510/232352.468:ERROR:process_memory_win.cc(73)] ReadMemory at 0x7ffeb1820000 of 64 bytes failed: Only part of a ReadProcessMemory or WriteProcessMemory request was completed. (0x12B)
[0510/232352.468:WARNING:pe_image_reader.cc(340)] could not read dos header from C:\WINDOWS\SYSTEM32\dhcpcsvc.DLL
[0510/232352.468:ERROR:process_memory_win.cc(73)] ReadMemory at 0x7ffec30d0000 of 64 bytes failed: Only part of a ReadProcessMemory or WriteProcessMemory request was completed. (0x12B)
[0510/232352.468:WARNING:pe_image_reader.cc(340)] could not read dos header from C:\WINDOWS\System32\NSI.dll
[0510/232352.468:ERROR:process_memory_win.cc(73)] ReadMemory at 0x7ffebce50000 of 64 bytes failed: Only part of a ReadProcessMemory or WriteProcessMemory request was completed. (0x12B)
[0510/232352.468:WARNING:pe_image_reader.cc(340)] could not read dos header from C:\WINDOWS\SYSTEM32\WINMMBASE.dll
[0510/232352.469:ERROR:process_memory_win.cc(73)] ReadMemory at 0x7ffec0630000 of 64 bytes failed: Only part of a ReadProcessMemory or WriteProcessMemory request was completed. (0x12B)
[0510/232352.469:WARNING:pe_image_reader.cc(340)] could not read dos header from C:\WINDOWS\System32\cfgmgr32.dll
[0510/232352.469:ERROR:process_memory_win.cc(73)] ReadMemory at 0x7ffebcb80000 of 64 bytes failed: Only part of a ReadProcessMemory or WriteProcessMemory request was completed. (0x12B)
[0510/232352.469:WARNING:pe_image_reader.cc(340)] could not read dos header from C:\WINDOWS\SYSTEM32\PROPSYS.dll
[0510/232352.469:ERROR:process_memory_win.cc(73)] ReadMemory at 0x7ffec2530000 of 64 bytes failed: Only part of a ReadProcessMemory or WriteProcessMemory request was completed. (0x12B)
[0510/232352.469:WARNING:pe_image_reader.cc(340)] could not read dos header from C:\WINDOWS\System32\shcore.dll
[0510/232352.469:ERROR:process_memory_win.cc(73)] ReadMemory at 0x7ffec0450000 of 64 bytes failed: Only part of a ReadProcessMemory or WriteProcessMemory request was completed. (0x12B)
[0510/232352.469:WARNING:pe_image_reader.cc(340)] could not read dos header from C:\WINDOWS\SYSTEM32\SSPICLI.DLL
[0510/232352.469:ERROR:process_memory_win.cc(73)] ReadMemory at 0x7ffec0020000 of 64 bytes failed: Only part of a ReadProcessMemory or WriteProcessMemory request was completed. (0x12B)
[0510/232352.469:WARNING:pe_image_reader.cc(340)] could not read dos header from C:\WINDOWS\SYSTEM32\CRYPTBASE.DLL
[0510/232352.472:ERROR:process_memory_win.cc(73)] ReadMemory at 0x7ff730210000 of 64 bytes failed: Only part of a ReadProcessMemory or WriteProcessMemory request was completed. (0x12B)
[0510/232352.472:WARNING:pe_image_reader.cc(340)] could not read dos header from C:\Program Files (x86)\Google\Chrome\Application\chrome.exe
[0510/232352.472:ERROR:process_memory_win.cc(73)] ReadMemory at 0x7ffec36a0000 of 64 bytes failed: Only part of a ReadProcessMemory or WriteProcessMemory request was completed. (0x12B)
[0510/232352.473:WARNING:pe_image_reader.cc(340)] could not read dos header from C:\WINDOWS\SYSTEM32\ntdll.dll
[0510/232352.473:ERROR:process_memory_win.cc(73)] ReadMemory at 0x7ffec23d0000 of 64 bytes failed: Only part of a ReadProcessMemory or WriteProcessMemory request was completed. (0x12B)
[0510/232352.473:WARNING:pe_image_reader.cc(340)] could not read dos header from C:\WINDOWS\System32\KERNEL32.DLL
[0510/232352.473:ERROR:process_memory_win.cc(73)] ReadMemory at 0x7ffec0680000 of 64 bytes failed: Only part of a ReadProcessMemory or WriteProcessMemory request was completed. (0x12B)
[0510/232352.473:WARNING:pe_image_reader.cc(340)] could not read dos header from C:\WINDOWS\System32\KERNELBASE.dll
[0510/232352.473:ERROR:process_memory_win.cc(73)] ReadMemory at 0x7ffe7ea30000 of 64 bytes failed: Only part of a ReadProcessMemory or WriteProcessMemory request was completed. (0x12B)
[0510/232352.473:WARNING:pe_image_reader.cc(340)] could not read dos header from C:\Program Files (x86)\Google\Chrome\Application\81.0.4044.138\chrome_elf.dll
[0510/232352.473:ERROR:process_memory_win.cc(73)] ReadMemory at 0x7ffeb9f40000 of 64 bytes failed: Only part of a ReadProcessMemory or WriteProcessMemory request was completed. (0x12B)
[0510/232352.473:WARNING:pe_image_reader.cc(340)] could not read dos header from C:\WINDOWS\SYSTEM32\VERSION.dll
[0510/232352.473:ERROR:process_memory_win.cc(73)] ReadMemory at 0x7ffec2b90000 of 64 bytes failed: Only part of a ReadProcessMemory or WriteProcessMemory request was completed. (0x12B)
[0510/232352.473:WARNING:pe_image_reader.cc(340)] could not read dos header from C:\WINDOWS\System32\msvcrt.dll
[0510/232352.473:ERROR:process_memory_win.cc(73)] ReadMemory at 0x7ffec0bb0000 of 64 bytes failed: Only part of a ReadProcessMemory or WriteProcessMemory request was completed. (0x12B)
[0510/232352.473:WARNING:pe_image_reader.cc(340)] could not read dos header from C:\WINDOWS\System32\bcryptPrimitives.dll
[0510/232352.473:ERROR:process_memory_win.cc(73)] ReadMemory at 0x7ffec1750000 of 64 bytes failed: Only part of a ReadProcessMemory or WriteProcessMemory request was completed. (0x12B)
[0510/232352.473:WARNING:pe_image_reader.cc(340)] could not read dos header from C:\WINDOWS\System32\ADVAPI32.dll
[0510/232352.473:ERROR:process_memory_win.cc(73)] ReadMemory at 0x2238c890000 of 64 bytes failed: Only part of a ReadProcessMemory or WriteProcessMemory request was completed. (0x12B)
[0510/232352.473:WARNING:pe_image_reader.cc(340)] could not read dos header from C:\WINDOWS\System32\sechost.dll
[0510/232352.473:ERROR:process_memory_win.cc(73)] ReadMemory at 0x7ffec2c90000 of 64 bytes failed: Only part of a ReadProcessMemory or WriteProcessMemory request was completed. (0x12B)
[0510/232352.473:WARNING:pe_image_reader.cc(340)] could not read dos header from C:\WINDOWS\System32\RPCRT4.dll
[0510/232352.473:ERROR:process_memory_win.cc(73)] ReadMemory at 0x7ffe4ddf0000 of 64 bytes failed: Only part of a ReadProcessMemory or WriteProcessMemory request was completed. (0x12B)
[0510/232352.473:WARNING:pe_image_reader.cc(340)] could not read dos header from C:\Program Files (x86)\Google\Chrome\Application\81.0.4044.138\chrome.dll
[0510/232352.473:ERROR:process_memory_win.cc(73)] ReadMemory at 0x7ffec2a40000 of 64 bytes failed: Only part of a ReadProcessMemory or WriteProcessMemory request was completed. (0x12B)
[0510/232352.473:WARNING:pe_image_reader.cc(340)] could not read dos header from C:\WINDOWS\System32\WS2_32.dll
[0510/232352.473:ERROR:process_memory_win.cc(73)] ReadMemory at 0x7ffec25e0000 of 64 bytes failed: Only part of a ReadProcessMemory or WriteProcessMemory request was completed. (0x12B)
[0510/232352.473:WARNING:pe_image_reader.cc(340)] could not read dos header from C:\WINDOWS\System32\OLEAUT32.dll
[0510/232352.473:ERROR:process_memory_win.cc(73)] ReadMemory at 0x7ffec15d0000 of 64 bytes failed: Only part of a ReadProcessMemory or WriteProcessMemory request was completed. (0x12B)
[0510/232352.473:WARNING:pe_image_reader.cc(340)] could not read dos header from C:\WINDOWS\System32\msvcp_win.dll
[0510/232352.473:ERROR:process_memory_win.cc(73)] ReadMemory at 0x7ffec0960000 of 64 bytes failed: Only part of a ReadProcessMemory or WriteProcessMemory request was completed. (0x12B)
[0510/232352.473:WARNING:pe_image_reader.cc(340)] could not read dos header from C:\WINDOWS\System32\ucrtbase.dll
[0510/232352.473:ERROR:process_memory_win.cc(73)] ReadMemory at 0x7ffec1ef0000 of 64 bytes failed: Only part of a ReadProcessMemory or WriteProcessMemory request was completed. (0x12B)
[0510/232352.473:WARNING:pe_image_reader.cc(340)] could not read dos header from C:\WINDOWS\System32\combase.dll
[0510/232352.473:ERROR:process_memory_win.cc(73)] ReadMemory at 0x7ffec0df0000 of 64 bytes failed: Only part of a ReadProcessMemory or WriteProcessMemory request was completed. (0x12B)
[0510/232352.473:WARNING:pe_image_reader.cc(340)] could not read dos header from C:\WINDOWS\System32\WINTRUST.dll
[0510/232352.473:ERROR:process_memory_win.cc(73)] ReadMemory at 0x7ffec0610000 of 64 bytes failed: Only part of a ReadProcessMemory or WriteProcessMemory request was completed. (0x12B)
[0510/232352.473:WARNING:pe_image_reader.cc(340)] could not read dos header from C:\WINDOWS\System32\MSASN1.dll
[0510/232352.473:ERROR:process_memory_win.cc(73)] ReadMemory at 0x7ffec0a60000 of 64 bytes failed: Only part of a ReadProcessMemory or WriteProcessMemory request was completed. (0x12B)
[0510/232352.473:WARNING:pe_image_reader.cc(340)] could not read dos header from C:\WINDOWS\System32\CRYPT32.dll
[0510/232352.473:ERROR:process_memory_win.cc(73)] ReadMemory at 0x7ffebfa80000 of 64 bytes failed: Only part of a ReadProcessMemory or WriteProcessMemory request was completed. (0x12B)
[0510/232352.473:WARNING:pe_image_reader.cc(340)] could not read dos header from C:\WINDOWS\SYSTEM32\IPHLPAPI.DLL
[0510/232352.473:ERROR:process_memory_win.cc(73)] ReadMemory at 0x7ffebce80000 of 64 bytes failed: Only part of a ReadProcessMemory or WriteProcessMemory request was completed. (0x12B)
[0510/232352.473:WARNING:pe_image_reader.cc(340)] could not read dos header from C:\WINDOWS\SYSTEM32\WINMM.dll
[0510/232352.473:ERROR:process_memory_win.cc(73)] ReadMemory at 0x7ffea1730000 of 64 bytes failed: Only part of a ReadProcessMemory or WriteProcessMemory request was completed. (0x12B)
[0510/232352.473:WARNING:pe_image_reader.cc(340)] could not read dos header from C:\WINDOWS\SYSTEM32\Secur32.dll
[0510/232352.473:ERROR:process_memory_win.cc(73)] ReadMemory at 0x7ffec0480000 of 64 bytes failed: Only part of a ReadProcessMemory or WriteProcessMemory request was completed. (0x12B)
[0510/232352.473:WARNING:pe_image_reader.cc(340)] could not read dos header from C:\WINDOWS\SYSTEM32\USERENV.dll
[0510/232352.473:ERROR:process_memory_win.cc(73)] ReadMemory at 0x7ffec0590000 of 64 bytes failed: Only part of a ReadProcessMemory or WriteProcessMemory request was completed. (0x12B)
[0510/232352.473:WARNING:pe_image_reader.cc(340)] could not read dos header from C:\WINDOWS\System32\profapi.dll
[0510/232352.473:ERROR:process_memory_win.cc(73)] ReadMemory at 0x7ffe85a00000 of 64 bytes failed: Only part of a ReadProcessMemory or WriteProcessMemory request was completed. (0x12B)
[0510/232352.473:WARNING:pe_image_reader.cc(340)] could not read dos header from C:\WINDOWS\SYSTEM32\UIAutomationCore.DLL
[0510/232352.473:ERROR:process_memory_win.cc(73)] ReadMemory at 0x7ffea9090000 of 64 bytes failed: Only part of a ReadProcessMemory or WriteProcessMemory request was completed. (0x12B)
[0510/232352.473:WARNING:pe_image_reader.cc(340)] could not read dos header from C:\WINDOWS\SYSTEM32\DWrite.dll
[0510/232352.473:ERROR:process_memory_win.cc(73)] ReadMemory at 0x7ffea40e0000 of 64 bytes failed: Only part of a ReadProcessMemory or WriteProcessMemory request was completed. (0x12B)
[0510/232352.473:WARNING:pe_image_reader.cc(340)] could not read dos header from C:\WINDOWS\SYSTEM32\WINSPOOL.DRV
[0510/232352.473:ERROR:process_memory_win.cc(73)] ReadMemory at 0x7ffec0570000 of 64 bytes failed: Only part of a ReadProcessMemory or WriteProcessMemory request was completed. (0x12B)
[0510/232352.473:WARNING:pe_image_reader.cc(340)] could not read dos header from C:\WINDOWS\System32\kernel.appcore.dll
[0510/232352.473:ERROR:process_memory_win.cc(73)] ReadMemory at 0x7ffec0930000 of 64 bytes failed: Only part of a ReadProcessMemory or WriteProcessMemory request was completed. (0x12B)
[0510/232352.473:WARNING:pe_image_reader.cc(340)] could not read dos header from C:\WINDOWS\System32\bcrypt.dll
[0510/232352.473:ERROR:process_memory_win.cc(73)] ReadMemory at 0x7ffebe5d0000 of 64 bytes failed: Only part of a ReadProcessMemory or WriteProcessMemory request was completed. (0x12B)
[0510/232352.473:WARNING:pe_image_reader.cc(340)] could not read dos header from C:\WINDOWS\SYSTEM32\dbghelp.dll
[0510/232352.474:ERROR:process_memory_win.cc(73)] ReadMemory at 0x7ffeae4e0000 of 64 bytes failed: Only part of a ReadProcessMemory or WriteProcessMemory request was completed. (0x12B)
[0510/232352.474:WARNING:pe_image_reader.cc(340)] could not read dos header from C:\WINDOWS\SYSTEM32\WINHTTP.dll
[0510/232352.474:ERROR:process_memory_win.cc(73)] ReadMemory at 0x7ffeb1820000 of 64 bytes failed: Only part of a ReadProcessMemory or WriteProcessMemory request was completed. (0x12B)
[0510/232352.474:WARNING:pe_image_reader.cc(340)] could not read dos header from C:\WINDOWS\SYSTEM32\dhcpcsvc.DLL
[0510/232352.474:ERROR:process_memory_win.cc(73)] ReadMemory at 0x7ffec30d0000 of 64 bytes failed: Only part of a ReadProcessMemory or WriteProcessMemory request was completed. (0x12B)
[0510/232352.474:WARNING:pe_image_reader.cc(340)] could not read dos header from C:\WINDOWS\System32\NSI.dll
[0510/232352.474:ERROR:process_memory_win.cc(73)] ReadMemory at 0x7ffebce50000 of 64 bytes failed: Only part of a ReadProcessMemory or WriteProcessMemory request was completed. (0x12B)
[0510/232352.474:WARNING:pe_image_reader.cc(340)] could not read dos header from C:\WINDOWS\SYSTEM32\WINMMBASE.dll
[0510/232352.474:ERROR:process_memory_win.cc(73)] ReadMemory at 0x7ffec0630000 of 64 bytes failed: Only part of a ReadProcessMemory or WriteProcessMemory request was completed. (0x12B)
[0510/232352.474:WARNING:pe_image_reader.cc(340)] could not read dos header from C:\WINDOWS\System32\cfgmgr32.dll
[0510/232352.474:ERROR:process_memory_win.cc(73)] ReadMemory at 0x7ffebcb80000 of 64 bytes failed: Only part of a ReadProcessMemory or WriteProcessMemory request was completed. (0x12B)
[0510/232352.474:WARNING:pe_image_reader.cc(340)] could not read dos header from C:\WINDOWS\SYSTEM32\PROPSYS.dll
[0510/232352.474:ERROR:process_memory_win.cc(73)] ReadMemory at 0x7ffec2530000 of 64 bytes failed: Only part of a ReadProcessMemory or WriteProcessMemory request was completed. (0x12B)
[0510/232352.474:WARNING:pe_image_reader.cc(340)] could not read dos header from C:\WINDOWS\System32\shcore.dll
[0510/232352.474:ERROR:process_memory_win.cc(73)] ReadMemory at 0x7ffec0450000 of 64 bytes failed: Only part of a ReadProcessMemory or WriteProcessMemory request was completed. (0x12B)
[0510/232352.474:WARNING:pe_image_reader.cc(340)] could not read dos header from C:\WINDOWS\SYSTEM32\SSPICLI.DLL
[0510/232352.474:ERROR:process_memory_win.cc(73)] ReadMemory at 0x7ffec0020000 of 64 bytes failed: Only part of a ReadProcessMemory or WriteProcessMemory request was completed. (0x12B)
[0510/232352.474:WARNING:pe_image_reader.cc(340)] could not read dos header from C:\WINDOWS\SYSTEM32\CRYPTBASE.DLL
[0510/232352.474:ERROR:process_memory_win.cc(73)] ReadMemory at 0x7ff730210000 of 64 bytes failed: Only part of a ReadProcessMemory or WriteProcessMemory request was completed. (0x12B)
[0510/232352.474:WARNING:pe_image_reader.cc(340)] could not read dos header from C:\Program Files (x86)\Google\Chrome\Application\chrome.exe
[0510/232352.474:ERROR:process_memory_win.cc(73)] ReadMemory at 0x7ffec36a0000 of 64 bytes failed: Only part of a ReadProcessMemory or WriteProcessMemory request was completed. (0x12B)
[0510/232352.474:WARNING:pe_image_reader.cc(340)] could not read dos header from C:\WINDOWS\SYSTEM32\ntdll.dll
[0510/232352.474:ERROR:process_memory_win.cc(73)] ReadMemory at 0x7ffec23d0000 of 64 bytes failed: Only part of a ReadProcessMemory or WriteProcessMemory request was completed. (0x12B)
[0510/232352.474:WARNING:pe_image_reader.cc(340)] could not read dos header from C:\WINDOWS\System32\KERNEL32.DLL
[0510/232352.474:ERROR:process_memory_win.cc(73)] ReadMemory at 0x7ffec0680000 of 64 bytes failed: Only part of a ReadProcessMemory or WriteProcessMemory request was completed. (0x12B)
[0510/232352.474:WARNING:pe_image_reader.cc(340)] could not read dos header from C:\WINDOWS\System32\KERNELBASE.dll
[0510/232352.474:ERROR:process_memory_win.cc(73)] ReadMemory at 0x7ffe7ea30000 of 64 bytes failed: Only part of a ReadProcessMemory or WriteProcessMemory request was completed. (0x12B)
[0510/232352.474:WARNING:pe_image_reader.cc(340)] could not read dos header from C:\Program Files (x86)\Google\Chrome\Application\81.0.4044.138\chrome_elf.dll
[0510/232352.474:ERROR:process_memory_win.cc(73)] ReadMemory at 0x7ffeb9f40000 of 64 bytes failed: Only part of a ReadProcessMemory or WriteProcessMemory request was completed. (0x12B)
[0510/232352.474:WARNING:pe_image_reader.cc(340)] could not read dos header from C:\WINDOWS\SYSTEM32\VERSION.dll
[0510/232352.474:ERROR:process_memory_win.cc(73)] ReadMemory at 0x7ffec2b90000 of 64 bytes failed: Only part of a ReadProcessMemory or WriteProcessMemory request was completed. (0x12B)
[0510/232352.474:WARNING:pe_image_reader.cc(340)] could not read dos header from C:\WINDOWS\System32\msvcrt.dll
[0510/232352.474:ERROR:process_memory_win.cc(73)] ReadMemory at 0x7ffec0bb0000 of 64 bytes failed: Only part of a ReadProcessMemory or WriteProcessMemory request was completed. (0x12B)
[0510/232352.474:WARNING:pe_image_reader.cc(340)] could not read dos header from C:\WINDOWS\System32\bcryptPrimitives.dll
[0510/232352.474:ERROR:process_memory_win.cc(73)] ReadMemory at 0x7ffec1750000 of 64 bytes failed: Only part of a ReadProcessMemory or WriteProcessMemory request was completed. (0x12B)
[0510/232352.474:WARNING:pe_image_reader.cc(340)] could not read dos header from C:\WINDOWS\System32\ADVAPI32.dll
[0510/232352.474:ERROR:process_memory_win.cc(73)] ReadMemory at 0x2238c890000 of 64 bytes failed: Only part of a ReadProcessMemory or WriteProcessMemory request was completed. (0x12B)
[0510/232352.474:WARNING:pe_image_reader.cc(340)] could not read dos header from C:\WINDOWS\System32\sechost.dll
[0510/232352.474:ERROR:process_memory_win.cc(73)] ReadMemory at 0x7ffec2c90000 of 64 bytes failed: Only part of a ReadProcessMemory or WriteProcessMemory request was completed. (0x12B)
[0510/232352.474:WARNING:pe_image_reader.cc(340)] could not read dos header from C:\WINDOWS\System32\RPCRT4.dll
[0510/232352.474:ERROR:process_memory_win.cc(73)] ReadMemory at 0x7ffe4ddf0000 of 64 bytes failed: Only part of a ReadProcessMemory or WriteProcessMemory request was completed. (0x12B)
[0510/232352.474:WARNING:pe_image_reader.cc(340)] could not read dos header from C:\Program Files (x86)\Google\Chrome\Application\81.0.4044.138\chrome.dll
[0510/232352.474:ERROR:process_memory_win.cc(73)] ReadMemory at 0x7ffec2a40000 of 64 bytes failed: Only part of a ReadProcessMemory or WriteProcessMemory request was completed. (0x12B)
[0510/232352.474:WARNING:pe_image_reader.cc(340)] could not read dos header from C:\WINDOWS\System32\WS2_32.dll
[0510/232352.474:ERROR:process_memory_win.cc(73)] ReadMemory at 0x7ffec25e0000 of 64 bytes failed: Only part of a ReadProcessMemory or WriteProcessMemory request was completed. (0x12B)
[0510/232352.474:WARNING:pe_image_reader.cc(340)] could not read dos header from C:\WINDOWS\System32\OLEAUT32.dll
[0510/232352.474:ERROR:process_memory_win.cc(73)] ReadMemory at 0x7ffec15d0000 of 64 bytes failed: Only part of a ReadProcessMemory or WriteProcessMemory request was completed. (0x12B)
[0510/232352.474:WARNING:pe_image_reader.cc(340)] could not read dos header from C:\WINDOWS\System32\msvcp_win.dll
[0510/232352.474:ERROR:process_memory_win.cc(73)] ReadMemory at 0x7ffec0960000 of 64 bytes failed: Only part of a ReadProcessMemory or WriteProcessMemory request was completed. (0x12B)
[0510/232352.474:WARNING:pe_image_reader.cc(340)] could not read dos header from C:\WINDOWS\System32\ucrtbase.dll
[0510/232352.474:ERROR:process_memory_win.cc(73)] ReadMemory at 0x7ffec1ef0000 of 64 bytes failed: Only part of a ReadProcessMemory or WriteProcessMemory request was completed. (0x12B)
[0510/232352.474:WARNING:pe_image_reader.cc(340)] could not read dos header from C:\WINDOWS\System32\combase.dll
[0510/232352.474:ERROR:process_memory_win.cc(73)] ReadMemory at 0x7ffec0df0000 of 64 bytes failed: Only part of a ReadProcessMemory or WriteProcessMemory request was completed. (0x12B)
[0510/232352.474:WARNING:pe_image_reader.cc(340)] could not read dos header from C:\WINDOWS\System32\WINTRUST.dll
[0510/232352.474:ERROR:process_memory_win.cc(73)] ReadMemory at 0x7ffec0610000 of 64 bytes failed: Only part of a ReadProcessMemory or WriteProcessMemory request was completed. (0x12B)
[0510/232352.474:WARNING:pe_image_reader.cc(340)] could not read dos header from C:\WINDOWS\System32\MSASN1.dll
[0510/232352.474:ERROR:process_memory_win.cc(73)] ReadMemory at 0x7ffec0a60000 of 64 bytes failed: Only part of a ReadProcessMemory or WriteProcessMemory request was completed. (0x12B)
[0510/232352.474:WARNING:pe_image_reader.cc(340)] could not read dos header from C:\WINDOWS\System32\CRYPT32.dll
[0510/232352.474:ERROR:process_memory_win.cc(73)] ReadMemory at 0x7ffebfa80000 of 64 bytes failed: Only part of a ReadProcessMemory or WriteProcessMemory request was completed. (0x12B)
[0510/232352.474:WARNING:pe_image_reader.cc(340)] could not read dos header from C:\WINDOWS\SYSTEM32\IPHLPAPI.DLL
[0510/232352.474:ERROR:process_memory_win.cc(73)] ReadMemory at 0x7ffebce80000 of 64 bytes failed: Only part of a ReadProcessMemory or WriteProcessMemory request was completed. (0x12B)
[0510/232352.475:WARNING:pe_image_reader.cc(340)] could not read dos header from C:\WINDOWS\SYSTEM32\WINMM.dll
[0510/232352.475:ERROR:process_memory_win.cc(73)] ReadMemory at 0x7ffea1730000 of 64 bytes failed: Only part of a ReadProcessMemory or WriteProcessMemory request was completed. (0x12B)
[0510/232352.475:WARNING:pe_image_reader.cc(340)] could not read dos header from C:\WINDOWS\SYSTEM32\Secur32.dll
[0510/232352.475:ERROR:process_memory_win.cc(73)] ReadMemory at 0x7ffec0480000 of 64 bytes failed: Only part of a ReadProcessMemory or WriteProcessMemory request was completed. (0x12B)
[0510/232352.475:WARNING:pe_image_reader.cc(340)] could not read dos header from C:\WINDOWS\SYSTEM32\USERENV.dll
[0510/232352.475:ERROR:process_memory_win.cc(73)] ReadMemory at 0x7ffec0590000 of 64 bytes failed: Only part of a ReadProcessMemory or WriteProcessMemory request was completed. (0x12B)
[0510/232352.475:WARNING:pe_image_reader.cc(340)] could not read dos header from C:\WINDOWS\System32\profapi.dll
[0510/232352.475:ERROR:process_memory_win.cc(73)] ReadMemory at 0x7ffe85a00000 of 64 bytes failed: Only part of a ReadProcessMemory or WriteProcessMemory request was completed. (0x12B)
[0510/232352.475:WARNING:pe_image_reader.cc(340)] could not read dos header from C:\WINDOWS\SYSTEM32\UIAutomationCore.DLL
[0510/232352.475:ERROR:process_memory_win.cc(73)] ReadMemory at 0x7ffea9090000 of 64 bytes failed: Only part of a ReadProcessMemory or WriteProcessMemory request was completed. (0x12B)
[0510/232352.475:WARNING:pe_image_reader.cc(340)] could not read dos header from C:\WINDOWS\SYSTEM32\DWrite.dll
[0510/232352.475:ERROR:process_memory_win.cc(73)] ReadMemory at 0x7ffea40e0000 of 64 bytes failed: Only part of a ReadProcessMemory or WriteProcessMemory request was completed. (0x12B)
[0510/232352.475:WARNING:pe_image_reader.cc(340)] could not read dos header from C:\WINDOWS\SYSTEM32\WINSPOOL.DRV
[0510/232352.475:ERROR:process_memory_win.cc(73)] ReadMemory at 0x7ffec0570000 of 64 bytes failed: Only part of a ReadProcessMemory or WriteProcessMemory request was completed. (0x12B)
[0510/232352.475:WARNING:pe_image_reader.cc(340)] could not read dos header from C:\WINDOWS\System32\kernel.appcore.dll
[0510/232352.475:ERROR:process_memory_win.cc(73)] ReadMemory at 0x7ffec0930000 of 64 bytes failed: Only part of a ReadProcessMemory or WriteProcessMemory request was completed. (0x12B)
[0510/232352.475:WARNING:pe_image_reader.cc(340)] could not read dos header from C:\WINDOWS\System32\bcrypt.dll
[0510/232352.475:ERROR:process_memory_win.cc(73)] ReadMemory at 0x7ffebe5d0000 of 64 bytes failed: Only part of a ReadProcessMemory or WriteProcessMemory request was completed. (0x12B)
[0510/232352.475:WARNING:pe_image_reader.cc(340)] could not read dos header from C:\WINDOWS\SYSTEM32\dbghelp.dll
[0510/232352.475:ERROR:process_memory_win.cc(73)] ReadMemory at 0x7ffeae4e0000 of 64 bytes failed: Only part of a ReadProcessMemory or WriteProcessMemory request was completed. (0x12B)
[0510/232352.475:WARNING:pe_image_reader.cc(340)] could not read dos header from C:\WINDOWS\SYSTEM32\WINHTTP.dll
[0510/232352.475:ERROR:process_memory_win.cc(73)] ReadMemory at 0x7ffeb1820000 of 64 bytes failed: Only part of a ReadProcessMemory or WriteProcessMemory request was completed. (0x12B)
[0510/232352.475:WARNING:pe_image_reader.cc(340)] could not read dos header from C:\WINDOWS\SYSTEM32\dhcpcsvc.DLL
[0510/232352.475:ERROR:process_memory_win.cc(73)] ReadMemory at 0x7ffec30d0000 of 64 bytes failed: Only part of a ReadProcessMemory or WriteProcessMemory request was completed. (0x12B)
[0510/232352.475:WARNING:pe_image_reader.cc(340)] could not read dos header from C:\WINDOWS\System32\NSI.dll
[0510/232352.475:ERROR:process_memory_win.cc(73)] ReadMemory at 0x7ffebce50000 of 64 bytes failed: Only part of a ReadProcessMemory or WriteProcessMemory request was completed. (0x12B)
[0510/232352.475:WARNING:pe_image_reader.cc(340)] could not read dos header from C:\WINDOWS\SYSTEM32\WINMMBASE.dll
[0510/232352.475:ERROR:process_memory_win.cc(73)] ReadMemory at 0x7ffec0630000 of 64 bytes failed: Only part of a ReadProcessMemory or WriteProcessMemory request was completed. (0x12B)
[0510/232352.475:WARNING:pe_image_reader.cc(340)] could not read dos header from C:\WINDOWS\System32\cfgmgr32.dll
[0510/232352.475:ERROR:process_memory_win.cc(73)] ReadMemory at 0x7ffebcb80000 of 64 bytes failed: Only part of a ReadProcessMemory or WriteProcessMemory request was completed. (0x12B)
[0510/232352.475:WARNING:pe_image_reader.cc(340)] could not read dos header from C:\WINDOWS\SYSTEM32\PROPSYS.dll
[0510/232352.475:ERROR:process_memory_win.cc(73)] ReadMemory at 0x7ffec2530000 of 64 bytes failed: Only part of a ReadProcessMemory or WriteProcessMemory request was completed. (0x12B)
[0510/232352.475:WARNING:pe_image_reader.cc(340)] could not read dos header from C:\WINDOWS\System32\shcore.dll
[0510/232352.475:ERROR:process_memory_win.cc(73)] ReadMemory at 0x7ffec0450000 of 64 bytes failed: Only part of a ReadProcessMemory or WriteProcessMemory request was completed. (0x12B)
[0510/232352.475:WARNING:pe_image_reader.cc(340)] could not read dos header from C:\WINDOWS\SYSTEM32\SSPICLI.DLL
[0510/232352.475:ERROR:process_memory_win.cc(73)] ReadMemory at 0x7ffec0020000 of 64 bytes failed: Only part of a ReadProcessMemory or WriteProcessMemory request was completed. (0x12B)
[0510/232352.475:WARNING:pe_image_reader.cc(340)] could not read dos header from C:\WINDOWS\SYSTEM32\CRYPTBASE.DLL
[0510/232352.482:ERROR:process_memory_win.cc(73)] ReadMemory at 0x7bbbbf5000 of 45056 bytes failed: Only part of a ReadProcessMemory or WriteProcessMemory request was completed. (0x12B)
[0510/232352.482:ERROR:process_memory_win.cc(73)] ReadMemory at 0x7bbc3fd000 of 12288 bytes failed: Only part of a ReadProcessMemory or WriteProcessMemory request was completed. (0x12B)
[0510/232352.482:ERROR:process_memory_win.cc(73)] ReadMemory at 0x7bbcbfb000 of 20480 bytes failed: Only part of a ReadProcessMemory or WriteProcessMemory request was completed. (0x12B)
[0510/232352.482:ERROR:process_memory_win.cc(73)] ReadMemory at 0x7bbd3fc000 of 16384 bytes failed: Only part of a ReadProcessMemory or WriteProcessMemory request was completed. (0x12B)
[0510/232352.482:ERROR:process_memory_win.cc(73)] ReadMemory at 0x7bbdbfb000 of 20480 bytes failed: Only part of a ReadProcessMemory or WriteProcessMemory request was completed. (0x12B)
[0510/232352.482:ERROR:process_memory_win.cc(73)] ReadMemory at 0x7bbe3fe000 of 8192 bytes failed: Only part of a ReadProcessMemory or WriteProcessMemory request was completed. (0x12B)
[0510/232352.482:ERROR:process_memory_win.cc(73)] ReadMemory at 0x7bbebfd000 of 12288 bytes failed: Only part of a ReadProcessMemory or WriteProcessMemory request was completed. (0x12B)
[0510/232352.482:ERROR:process_memory_win.cc(73)] ReadMemory at 0x7bbf3fb000 of 20480 bytes failed: Only part of a ReadProcessMemory or WriteProcessMemory request was completed. (0x12B)
[0510/232352.482:ERROR:process_memory_win.cc(73)] ReadMemory at 0x7bbfbfd000 of 12288 bytes failed: Only part of a ReadProcessMemory or WriteProcessMemory request was completed. (0x12B)
[0510/232352.482:ERROR:process_memory_win.cc(73)] ReadMemory at 0x7bc03fd000 of 12288 bytes failed: Only part of a ReadProcessMemory or WriteProcessMemory request was completed. (0x12B)
[0510/232352.482:ERROR:process_memory_win.cc(73)] ReadMemory at 0x7bc0bfd000 of 12288 bytes failed: Only part of a ReadProcessMemory or WriteProcessMemory request was completed. (0x12B)
[0510/232352.483:ERROR:process_memory_win.cc(73)] ReadMemory at 0x7bc13fd000 of 12288 bytes failed: Only part of a ReadProcessMemory or WriteProcessMemory request was completed. (0x12B)
[0510/232352.483:ERROR:process_memory_win.cc(73)] ReadMemory at 0x7bc1bfd000 of 12288 bytes failed: Only part of a ReadProcessMemory or WriteProcessMemory request was completed. (0x12B)
[0510/232352.483:ERROR:process_memory_win.cc(73)] ReadMemory at 0x7bc23fd000 of 12288 bytes failed: Only part of a ReadProcessMemory or WriteProcessMemory request was completed. (0x12B)
[0510/232352.483:ERROR:process_memory_win.cc(73)] ReadMemory at 0x7bc2bfd000 of 12288 bytes failed: Only part of a ReadProcessMemory or WriteProcessMemory request was completed. (0x12B)
[0510/232352.483:ERROR:process_memory_win.cc(73)] ReadMemory at 0x7bc33fd000 of 12288 bytes failed: Only part of a ReadProcessMemory or WriteProcessMemory request was completed. (0x12B)
[0510/232352.483:ERROR:process_memory_win.cc(73)] ReadMemory at 0x7bc3bfd000 of 12288 bytes failed: Only part of a ReadProcessMemory or WriteProcessMemory request was completed. (0x12B)
[0510/232352.483:ERROR:process_memory_win.cc(73)] ReadMemory at 0x7bbb216000 of 852 bytes failed: Only part of a ReadProcessMemory or WriteProcessMemory request was completed. (0x12B)
[0510/232352.483:ERROR:process_memory_win.cc(73)] ReadMemory at 0x7bbb217000 of 6024 bytes failed: Only part of a ReadProcessMemory or WriteProcessMemory request was completed. (0x12B)
[0510/232352.483:ERROR:process_memory_win.cc(73)] ReadMemory at 0x7bbb219000 of 6024 bytes failed: Only part of a ReadProcessMemory or WriteProcessMemory request was completed. (0x12B)
[0510/232352.483:ERROR:process_memory_win.cc(73)] ReadMemory at 0x7bbb21b000 of 6024 bytes failed: Only part of a ReadProcessMemory or WriteProcessMemory request was completed. (0x12B)
[0510/232352.483:ERROR:process_memory_win.cc(73)] ReadMemory at 0x7bbb21d000 of 6024 bytes failed: Only part of a ReadProcessMemory or WriteProcessMemory request was completed. (0x12B)
[0510/232352.483:ERROR:process_memory_win.cc(73)] ReadMemory at 0x7bbb21f000 of 6024 bytes failed: Only part of a ReadProcessMemory or WriteProcessMemory request was completed. (0x12B)
[0510/232352.483:ERROR:process_memory_win.cc(73)] ReadMemory at 0x7bbb221000 of 6024 bytes failed: Only part of a ReadProcessMemory or WriteProcessMemory request was completed. (0x12B)
[0510/232352.483:ERROR:process_memory_win.cc(73)] ReadMemory at 0x7bbb223000 of 6024 bytes failed: Only part of a ReadProcessMemory or WriteProcessMemory request was completed. (0x12B)
[0510/232352.484:ERROR:process_memory_win.cc(73)] ReadMemory at 0x7bbb225000 of 6024 bytes failed: Only part of a ReadProcessMemory or WriteProcessMemory request was completed. (0x12B)
[0510/232352.484:ERROR:process_memory_win.cc(73)] ReadMemory at 0x7bbb227000 of 6024 bytes failed: Only part of a ReadProcessMemory or WriteProcessMemory request was completed. (0x12B)
[0510/232352.484:ERROR:process_memory_win.cc(73)] ReadMemory at 0x7bbb229000 of 6024 bytes failed: Only part of a ReadProcessMemory or WriteProcessMemory request was completed. (0x12B)
[0510/232352.484:ERROR:process_memory_win.cc(73)] ReadMemory at 0x7bbb22b000 of 6024 bytes failed: Only part of a ReadProcessMemory or WriteProcessMemory request was completed. (0x12B)
[0510/232352.484:ERROR:process_memory_win.cc(73)] ReadMemory at 0x7bbb22d000 of 6024 bytes failed: Only part of a ReadProcessMemory or WriteProcessMemory request was completed. (0x12B)
[0510/232352.484:ERROR:process_memory_win.cc(73)] ReadMemory at 0x7bbb22f000 of 6024 bytes failed: Only part of a ReadProcessMemory or WriteProcessMemory request was completed. (0x12B)
[0510/232352.484:ERROR:process_memory_win.cc(73)] ReadMemory at 0x7bbb231000 of 6024 bytes failed: Only part of a ReadProcessMemory or WriteProcessMemory request was completed. (0x12B)
[0510/232352.484:ERROR:process_memory_win.cc(73)] ReadMemory at 0x7bbb233000 of 6024 bytes failed: Only part of a ReadProcessMemory or WriteProcessMemory request was completed. (0x12B)
[0510/232352.484:ERROR:process_memory_win.cc(73)] ReadMemory at 0x7bbb235000 of 6024 bytes failed: Only part of a ReadProcessMemory or WriteProcessMemory request was completed. (0x12B)
[0510/232352.484:ERROR:process_memory_win.cc(73)] ReadMemory at 0x7bbb237000 of 6024 bytes failed: Only part of a ReadProcessMemory or WriteProcessMemory request was completed. (0x12B)
[0510/232352.484:ERROR:process_memory_win.cc(73)] ReadMemory at 0x2238c130750 of 80 bytes failed: Only part of a ReadProcessMemory or WriteProcessMemory request was completed. (0x12B)
[0510/232352.484:ERROR:process_memory_win.cc(73)] ReadMemory at 0x2238c130fe0 of 25590 bytes failed: Only part of a ReadProcessMemory or WriteProcessMemory request was completed. (0x12B)
[0510/232352.484:ERROR:process_memory_win.cc(73)] ReadMemory at 0x2238c1373e0 of 1012 bytes failed: Only part of a ReadProcessMemory or WriteProcessMemory request was completed. (0x12B)
[0510/232352.484:ERROR:process_memory_win.cc(73)] ReadMemory at 0x2238c137a28 of 118 bytes failed: Only part of a ReadProcessMemory or WriteProcessMemory request was completed. (0x12B)
[0510/232352.484:ERROR:process_memory_win.cc(73)] ReadMemory at 0x2238c137aa0 of 796 bytes failed: Only part of a ReadProcessMemory or WriteProcessMemory request was completed. (0x12B)
[0510/232352.484:ERROR:process_memory_win.cc(73)] ReadMemory at 0x2238c137dbe of 118 bytes failed: Only part of a ReadProcessMemory or WriteProcessMemory request was completed. (0x12B)
[0510/232352.484:ERROR:process_memory_win.cc(73)] ReadMemory at 0x2238c137e36 of 100 bytes failed: Only part of a ReadProcessMemory or WriteProcessMemory request was completed. (0x12B)
[0510/232352.484:ERROR:process_memory_win.cc(73)] ReadMemory at 0x2238c137eb0 of 58 bytes failed: Only part of a ReadProcessMemory or WriteProcessMemory request was completed. (0x12B)
[0510/232352.484:ERROR:process_memory_win.cc(73)] ReadMemory at 0x2238c137fb0 of 132 bytes failed: Only part of a ReadProcessMemory or WriteProcessMemory request was completed. (0x12B)
[0510/232352.484:ERROR:process_memory_win.cc(73)] ReadMemory at 0x2238c138140 of 132 bytes failed: Only part of a ReadProcessMemory or WriteProcessMemory request was completed. (0x12B)
[0510/232352.485:ERROR:process_memory_win.cc(73)] ReadMemory at 0x2238c138300 of 126 bytes failed: Only part of a ReadProcessMemory or WriteProcessMemory request was completed. (0x12B)
[0510/232352.485:ERROR:process_memory_win.cc(73)] ReadMemory at 0x2238c1386e0 of 132 bytes failed: Only part of a ReadProcessMemory or WriteProcessMemory request was completed. (0x12B)
[0510/232352.485:ERROR:process_memory_win.cc(73)] ReadMemory at 0x2238c138870 of 64 bytes failed: Only part of a ReadProcessMemory or WriteProcessMemory request was completed. (0x12B)
[0510/232352.485:ERROR:process_memory_win.cc(73)] ReadMemory at 0x2238c1388c0 of 132 bytes failed: Only part of a ReadProcessMemory or WriteProcessMemory request was completed. (0x12B)
[0510/232352.485:ERROR:process_memory_win.cc(73)] ReadMemory at 0x2238c138cd0 of 132 bytes failed: Only part of a ReadProcessMemory or WriteProcessMemory request was completed. (0x12B)
[0510/232352.485:ERROR:process_memory_win.cc(73)] ReadMemory at 0x2238c138e60 of 68 bytes failed: Only part of a ReadProcessMemory or WriteProcessMemory request was completed. (0x12B)
[0510/232352.485:ERROR:process_memory_win.cc(73)] ReadMemory at 0x2238c139e60 of 132 bytes failed: Only part of a ReadProcessMemory or WriteProcessMemory request was completed. (0x12B)
[0510/232352.485:ERROR:process_memory_win.cc(73)] ReadMemory at 0x2238c139fd0 of 132 bytes failed: Only part of a ReadProcessMemory or WriteProcessMemory request was completed. (0x12B)
[0510/232352.485:ERROR:process_memory_win.cc(73)] ReadMemory at 0x2238c13a100 of 154 bytes failed: Only part of a ReadProcessMemory or WriteProcessMemory request was completed. (0x12B)
[0510/232352.485:ERROR:process_memory_win.cc(73)] ReadMemory at 0x2238c13aee0 of 62 bytes failed: Only part of a ReadProcessMemory or WriteProcessMemory request was completed. (0x12B)
[0510/232352.485:ERROR:process_memory_win.cc(73)] ReadMemory at 0x2238c13af60 of 146 bytes failed: Only part of a ReadProcessMemory or WriteProcessMemory request was completed. (0x12B)
[0510/232352.485:ERROR:process_memory_win.cc(73)] ReadMemory at 0x2238c13b040 of 132 bytes failed: Only part of a ReadProcessMemory or WriteProcessMemory request was completed. (0x12B)
[0510/232352.485:ERROR:process_memory_win.cc(73)] ReadMemory at 0x2238c13b1d0 of 60 bytes failed: Only part of a ReadProcessMemory or WriteProcessMemory request was completed. (0x12B)
[0510/232352.485:ERROR:process_memory_win.cc(73)] ReadMemory at 0x2238c13ba10 of 132 bytes failed: Only part of a ReadProcessMemory or WriteProcessMemory request was completed. (0x12B)
[0510/232352.485:ERROR:process_memory_win.cc(73)] ReadMemory at 0x2238c13bc30 of 132 bytes failed: Only part of a ReadProcessMemory or WriteProcessMemory request was completed. (0x12B)
[0510/232352.485:ERROR:process_memory_win.cc(73)] ReadMemory at 0x2238c13d760 of 132 bytes failed: Only part of a ReadProcessMemory or WriteProcessMemory request was completed. (0x12B)
[0510/232352.485:ERROR:process_memory_win.cc(73)] ReadMemory at 0x2238c13dac0 of 132 bytes failed: Only part of a ReadProcessMemory or WriteProcessMemory request was completed. (0x12B)
[0510/232352.485:ERROR:process_memory_win.cc(73)] ReadMemory at 0x2238c13e020 of 132 bytes failed: Only part of a ReadProcessMemory or WriteProcessMemory request was completed. (0x12B)
[0510/232352.485:ERROR:process_memory_win.cc(73)] ReadMemory at 0x2238c1410b0 of 60 bytes failed: Only part of a ReadProcessMemory or WriteProcessMemory request was completed. (0x12B)
[0510/232352.485:ERROR:process_memory_win.cc(73)] ReadMemory at 0x2238c141100 of 62 bytes failed: Only part of a ReadProcessMemory or WriteProcessMemory request was completed. (0x12B)
[0510/232352.485:ERROR:process_memory_win.cc(73)] ReadMemory at 0x2238c141150 of 64 bytes failed: Only part of a ReadProcessMemory or WriteProcessMemory request was completed. (0x12B)
[0510/232352.485:ERROR:process_memory_win.cc(73)] ReadMemory at 0x2238c1412e0 of 62 bytes failed: Only part of a ReadProcessMemory or WriteProcessMemory request was completed. (0x12B)
[0510/232352.485:ERROR:process_memory_win.cc(73)] ReadMemory at 0x2238c141380 of 64 bytes failed: Only part of a ReadProcessMemory or WriteProcessMemory request was completed. (0x12B)
[0510/232352.485:ERROR:process_memory_win.cc(73)] ReadMemory at 0x2238c1413d0 of 60 bytes failed: Only part of a ReadProcessMemory or WriteProcessMemory request was completed. (0x12B)
[0510/232352.485:ERROR:process_memory_win.cc(73)] ReadMemory at 0x2238c1414c0 of 64 bytes failed: Only part of a ReadProcessMemory or WriteProcessMemory request was completed. (0x12B)
[0510/232352.485:ERROR:process_memory_win.cc(73)] ReadMemory at 0x2238c1415b0 of 66 bytes failed: Only part of a ReadProcessMemory or WriteProcessMemory request was completed. (0x12B)
[0510/232352.485:ERROR:process_memory_win.cc(73)] ReadMemory at 0x2238c141650 of 64 bytes failed: Only part of a ReadProcessMemory or WriteProcessMemory request was completed. (0x12B)
[0510/232352.486:ERROR:process_memory_win.cc(73)] ReadMemory at 0x2238c141f10 of 76 bytes failed: Only part of a ReadProcessMemory or WriteProcessMemory request was completed. (0x12B)
[0510/232352.486:ERROR:process_memory_win.cc(73)] ReadMemory at 0x2238c1427b0 of 80 bytes failed: Only part of a ReadProcessMemory or WriteProcessMemory request was completed. (0x12B)
[0510/232352.486:ERROR:process_memory_win.cc(73)] ReadMemory at 0x2238c143100 of 512 bytes failed: Only part of a ReadProcessMemory or WriteProcessMemory request was completed. (0x12B)
[0510/232352.486:ERROR:process_memory_win.cc(73)] ReadMemory at 0x2238c143d50 of 132 bytes failed: Only part of a ReadProcessMemory or WriteProcessMemory request was completed. (0x12B)
[0510/232352.486:ERROR:process_memory_win.cc(73)] ReadMemory at 0x2238c143fb0 of 132 bytes failed: Only part of a ReadProcessMemory or WriteProcessMemory request was completed. (0x12B)
[0510/232352.486:ERROR:process_memory_win.cc(73)] ReadMemory at 0x2238c1440e0 of 132 bytes failed: Only part of a ReadProcessMemory or WriteProcessMemory request was completed. (0x12B)
[0510/232352.486:ERROR:process_memory_win.cc(73)] ReadMemory at 0x2238c144340 of 132 bytes failed: Only part of a ReadProcessMemory or WriteProcessMemory request was completed. (0x12B)
[0510/232352.486:ERROR:process_memory_win.cc(73)] ReadMemory at 0x2238c1445a0 of 132 bytes failed: Only part of a ReadProcessMemory or WriteProcessMemory request was completed. (0x12B)
[0510/232352.486:ERROR:process_memory_win.cc(73)] ReadMemory at 0x2238c1446d0 of 132 bytes failed: Only part of a ReadProcessMemory or WriteProcessMemory request was completed. (0x12B)
[0510/232352.486:ERROR:process_memory_win.cc(73)] ReadMemory at 0x2238c144800 of 132 bytes failed: Only part of a ReadProcessMemory or WriteProcessMemory request was completed. (0x12B)
[0510/232352.486:ERROR:process_memory_win.cc(73)] ReadMemory at 0x2238c144930 of 132 bytes failed: Only part of a ReadProcessMemory or WriteProcessMemory request was completed. (0x12B)
[0510/232352.486:ERROR:process_memory_win.cc(73)] ReadMemory at 0x2238c144df0 of 132 bytes failed: Only part of a ReadProcessMemory or WriteProcessMemory request was completed. (0x12B)
[0510/232352.486:ERROR:process_memory_win.cc(73)] ReadMemory at 0x2238c145050 of 132 bytes failed: Only part of a ReadProcessMemory or WriteProcessMemory request was completed. (0x12B)
[0510/232352.486:ERROR:process_memory_win.cc(73)] ReadMemory at 0x2238c145180 of 132 bytes failed: Only part of a ReadProcessMemory or WriteProcessMemory request was completed. (0x12B)
[0510/232352.486:ERROR:process_memory_win.cc(73)] ReadMemory at 0x2238c1452b0 of 132 bytes failed: Only part of a ReadProcessMemory or WriteProcessMemory request was completed. (0x12B)
[0510/232352.486:ERROR:process_memory_win.cc(73)] ReadMemory at 0x2238c1453e0 of 132 bytes failed: Only part of a ReadProcessMemory or WriteProcessMemory request was completed. (0x12B)
[0510/232352.486:ERROR:process_memory_win.cc(73)] ReadMemory at 0x2238c145510 of 132 bytes failed: Only part of a ReadProcessMemory or WriteProcessMemory request was completed. (0x12B)
[0510/232352.486:ERROR:process_memory_win.cc(73)] ReadMemory at 0x2238c145770 of 132 bytes failed: Only part of a ReadProcessMemory or WriteProcessMemory request was completed. (0x12B)
[0510/232352.486:ERROR:process_memory_win.cc(73)] ReadMemory at 0x2238c1458a0 of 132 bytes failed: Only part of a ReadProcessMemory or WriteProcessMemory request was completed. (0x12B)
[0510/232352.486:ERROR:process_memory_win.cc(73)] ReadMemory at 0x2238c145b00 of 132 bytes failed: Only part of a ReadProcessMemory or WriteProcessMemory request was completed. (0x12B)
[0510/232352.486:ERROR:process_memory_win.cc(73)] ReadMemory at 0x2238c147360 of 54 bytes failed: Only part of a ReadProcessMemory or WriteProcessMemory request was completed. (0x12B)
[0510/232352.486:ERROR:process_memory_win.cc(73)] ReadMemory at 0x2238c148e40 of 132 bytes failed: Only part of a ReadProcessMemory or WriteProcessMemory request was completed. (0x12B)
[0510/232352.486:ERROR:process_memory_win.cc(73)] ReadMemory at 0x2238c14ac50 of 62 bytes failed: Only part of a ReadProcessMemory or WriteProcessMemory request was completed. (0x12B)
[0510/232352.486:ERROR:process_memory_win.cc(73)] ReadMemory at 0x2238c14ade0 of 60 bytes failed: Only part of a ReadProcessMemory or WriteProcessMemory request was completed. (0x12B)
[0510/232352.487:ERROR:process_memory_win.cc(73)] ReadMemory at 0x2238c14af20 of 62 bytes failed: Only part of a ReadProcessMemory or WriteProcessMemory request was completed. (0x12B)
[0510/232352.487:ERROR:process_memory_win.cc(73)] ReadMemory at 0x2238c14af70 of 64 bytes failed: Only part of a ReadProcessMemory or WriteProcessMemory request was completed. (0x12B)
[0510/232352.487:ERROR:process_memory_win.cc(73)] ReadMemory at 0x2238c14b060 of 60 bytes failed: Only part of a ReadProcessMemory or WriteProcessMemory request was completed. (0x12B)
[0510/232352.487:ERROR:process_memory_win.cc(73)] ReadMemory at 0x2238c14b100 of 62 bytes failed: Only part of a ReadProcessMemory or WriteProcessMemory request was completed. (0x12B)
[0510/232352.487:ERROR:process_memory_win.cc(73)] ReadMemory at 0x2238c14b150 of 62 bytes failed: Only part of a ReadProcessMemory or WriteProcessMemory request was completed. (0x12B)
[0510/232352.487:ERROR:process_memory_win.cc(73)] ReadMemory at 0x2238c14b290 of 62 bytes failed: Only part of a ReadProcessMemory or WriteProcessMemory request was completed. (0x12B)
[0510/232352.487:ERROR:process_memory_win.cc(73)] ReadMemory at 0x2238c14b330 of 62 bytes failed: Only part of a ReadProcessMemory or WriteProcessMemory request was completed. (0x12B)
[0510/232352.487:ERROR:process_memory_win.cc(73)] ReadMemory at 0x2238c14b3d0 of 66 bytes failed: Only part of a ReadProcessMemory or WriteProcessMemory request was completed. (0x12B)
[0510/232352.487:ERROR:process_memory_win.cc(73)] ReadMemory at 0x2238c14b4c0 of 60 bytes failed: Only part of a ReadProcessMemory or WriteProcessMemory request was completed. (0x12B)
[0510/232352.487:ERROR:process_memory_win.cc(73)] ReadMemory at 0x2238c14b8d0 of 58 bytes failed: Only part of a ReadProcessMemory or WriteProcessMemory request was completed. (0x12B)
[0510/232352.487:ERROR:process_memory_win.cc(73)] ReadMemory at 0x2238c14b920 of 64 bytes failed: Only part of a ReadProcessMemory or WriteProcessMemory request was completed. (0x12B)
[0510/232352.487:ERROR:process_memory_win.cc(73)] ReadMemory at 0x2238c14b970 of 64 bytes failed: Only part of a ReadProcessMemory or WriteProcessMemory request was completed. (0x12B)
[0510/232352.487:ERROR:process_memory_win.cc(73)] ReadMemory at 0x2238c14b9c0 of 64 bytes failed: Only part of a ReadProcessMemory or WriteProcessMemory request was completed. (0x12B)
[0510/232352.487:ERROR:process_memory_win.cc(73)] ReadMemory at 0x2238c14ba10 of 62 bytes failed: Only part of a ReadProcessMemory or WriteProcessMemory request was completed. (0x12B)
[0510/232352.487:ERROR:process_memory_win.cc(73)] ReadMemory at 0x2238c14ba60 of 60 bytes failed: Only part of a ReadProcessMemory or WriteProcessMemory request was completed. (0x12B)
[0510/232352.487:ERROR:process_memory_win.cc(73)] ReadMemory at 0x2238c14bb50 of 62 bytes failed: Only part of a ReadProcessMemory or WriteProcessMemory request was completed. (0x12B)
[0510/232352.487:ERROR:process_memory_win.cc(73)] ReadMemory at 0x2238c14de00 of 132 bytes failed: Only part of a ReadProcessMemory or WriteProcessMemory request was completed. (0x12B)
[0510/232352.487:ERROR:process_memory_win.cc(73)] ReadMemory at 0x2238c14e3b0 of 132 bytes failed: Only part of a ReadProcessMemory or WriteProcessMemory request was completed. (0x12B)
[0510/232352.487:ERROR:process_memory_win.cc(73)] ReadMemory at 0x2238c14e4e0 of 132 bytes failed: Only part of a ReadProcessMemory or WriteProcessMemory request was completed. (0x12B)
[0510/232352.487:ERROR:process_memory_win.cc(73)] ReadMemory at 0x2238c14e610 of 132 bytes failed: Only part of a ReadProcessMemory or WriteProcessMemory request was completed. (0x12B)
[0510/232352.487:ERROR:process_memory_win.cc(73)] ReadMemory at 0x2238c14e740 of 132 bytes failed: Only part of a ReadProcessMemory or WriteProcessMemory request was completed. (0x12B)
[0510/232352.487:ERROR:process_memory_win.cc(73)] ReadMemory at 0x2238c14e870 of 132 bytes failed: Only part of a ReadProcessMemory or WriteProcessMemory request was completed. (0x12B)
[0510/232352.487:ERROR:process_memory_win.cc(73)] ReadMemory at 0x2238c14e9a0 of 132 bytes failed: Only part of a ReadProcessMemory or WriteProcessMemory request was completed. (0x12B)
[0510/232352.487:ERROR:process_memory_win.cc(73)] ReadMemory at 0x2238c14fd80 of 132 bytes failed: Only part of a ReadProcessMemory or WriteProcessMemory request was completed. (0x12B)
[0510/232352.487:ERROR:process_memory_win.cc(73)] ReadMemory at 0x2238c16a1c0 of 512 bytes failed: Only part of a ReadProcessMemory or WriteProcessMemory request was completed. (0x12B)
[0510/232352.487:ERROR:process_memory_win.cc(73)] ReadMemory at 0x2238c9731c0 of 512 bytes failed: Only part of a ReadProcessMemory or WriteProcessMemory request was completed. (0x12B)
[0510/232352.488:ERROR:process_memory_win.cc(73)] ReadMemory at 0x2238c9f1160 of 512 bytes failed: Only part of a ReadProcessMemory or WriteProcessMemory request was completed. (0x12B)
[0510/232352.488:ERROR:process_memory_win.cc(73)] ReadMemory at 0x2238c9f40c0 of 512 bytes failed: Only part of a ReadProcessMemory or WriteProcessMemory request was completed. (0x12B)
[0510/232352.488:ERROR:process_memory_win.cc(73)] ReadMemory at 0x2238c9f43c0 of 512 bytes failed: Only part of a ReadProcessMemory or WriteProcessMemory request was completed. (0x12B)
[0510/232352.488:ERROR:process_memory_win.cc(73)] ReadMemory at 0x2238ca00320 of 512 bytes failed: Only part of a ReadProcessMemory or WriteProcessMemory request was completed. (0x12B)
[0510/232352.488:ERROR:process_memory_win.cc(73)] ReadMemory at 0x2238ca0ec20 of 712 bytes failed: Only part of a ReadProcessMemory or WriteProcessMemory request was completed. (0x12B)
[0510/232352.488:ERROR:process_memory_win.cc(73)] ReadMemory at 0x2238e0e0000 of 384 bytes failed: Only part of a ReadProcessMemory or WriteProcessMemory request was completed. (0x12B)
[0510/232352.488:ERROR:process_memory_win.cc(73)] ReadMemory at 0x2238e134210 of 512 bytes failed: Only part of a ReadProcessMemory or WriteProcessMemory request was completed. (0x12B)
[0510/232352.488:ERROR:process_memory_win.cc(73)] ReadMemory at 0x2238fe60880 of 512 bytes failed: Only part of a ReadProcessMemory or WriteProcessMemory request was completed. (0x12B)
[0510/232352.488:ERROR:process_memory_win.cc(73)] ReadMemory at 0x2238fe65b90 of 512 bytes failed: Only part of a ReadProcessMemory or WriteProcessMemory request was completed. (0x12B)
[0510/232352.488:ERROR:process_memory_win.cc(73)] ReadMemory at 0x2238fea6f03 of 512 bytes failed: Only part of a ReadProcessMemory or WriteProcessMemory request was completed. (0x12B)
[0510/232352.488:ERROR:process_memory_win.cc(73)] ReadMemory at 0x660b922b5ba8 of 512 bytes failed: Only part of a ReadProcessMemory or WriteProcessMemory request was completed. (0x12B)
[0510/232352.488:ERROR:process_memory_win.cc(73)] ReadMemory at 0x763708a04f75 of 512 bytes failed: Only part of a ReadProcessMemory or WriteProcessMemory request was completed. (0x12B)
[0510/232352.488:ERROR:process_memory_win.cc(73)] ReadMemory at 0x7ffe504a971c of 512 bytes failed: Only part of a ReadProcessMemory or WriteProcessMemory request was completed. (0x12B)
[0510/232352.488:ERROR:process_memory_win.cc(73)] ReadMemory at 0x7ffe512c5dbf of 512 bytes failed: Only part of a ReadProcessMemory or WriteProcessMemory request was completed. (0x12B)
[0510/232352.488:ERROR:process_memory_win.cc(73)] ReadMemory at 0x7ffec08eb6e0 of 512 bytes failed: Only part of a ReadProcessMemory or WriteProcessMemory request was completed. (0x12B)
[0510/232352.488:ERROR:process_memory_win.cc(73)] ReadMemory at 0x7ffec373c074 of 672 bytes failed: Only part of a ReadProcessMemory or WriteProcessMemory request was completed. (0x12B)
[0510/232352.489:ERROR:process_memory_win.cc(73)] ReadMemory at 0x7ffec373c674 of 512 bytes failed: Only part of a ReadProcessMemory or WriteProcessMemory request was completed. (0x12B)
[0510/232352.489:ERROR:process_memory_win.cc(73)] ReadMemory at 0x7ffec373f924 of 608 bytes failed: Only part of a ReadProcessMemory or WriteProcessMemory request was completed. (0x12B)
[0510/232352.489:ERROR:process_memory_win.cc(73)] ReadMemory at 0x7ffec37cc428 of 18 bytes failed: Only part of a ReadProcessMemory or WriteProcessMemory request was completed. (0x12B)
[0510/232352.489:ERROR:process_memory_win.cc(73)] ReadMemory at 0x7ffec37ff4f8 of 40 bytes failed: Only part of a ReadProcessMemory or WriteProcessMemory request was completed. (0x12B)
[0510/232352.489:ERROR:process_memory_win.cc(73)] ReadMemory at 0x7ffec37ff978 of 48 bytes failed: Only part of a ReadProcessMemory or WriteProcessMemory request was completed. (0x12B)
[0510/232352.489:ERROR:process_memory_win.cc(73)] ReadMemory at 0x7ffec38053c0 of 64 bytes failed: Only part of a ReadProcessMemory or WriteProcessMemory request was completed. (0x12B)
[0510/232352.490:ERROR:scoped_process_suspend.cc(40)] NtResumeProcess: An attempt was made to access an exiting process. (0xc000010a)
